<?xml version="1.0" encoding="UTF-8" ?>
<testsuite errors="0" failures="0" hostname="shan" name="com.app.Accounts.Testing.AllTests" skipped="0" tests="21" time="0.068" timestamp="2018-03-30T17:26:36">
  <properties>
    <property name="env.DESKTOP_SESSION" value="ubuntu" />
    <property name="env.OLDPWD" value="/home/shan" />
    <property name="file.encoding.pkg" value="sun.io" />
    <property name="java.home" value="/usr/lib/jvm/java-8-openjdk-amd64/jre" />
    <property name="env.QT_LINUX_ACCESSIBILITY_ALWAYS_ON" value="1" />
    <property name="env.GDM_LANG" value="en_US" />
    <property name="env.GIT_URL" value="https://github.com/alishan2040/Banking_System" />
    <property name="env.DISPLAY" value=":0" />
    <property name="env.LS_COLORS" value="rs=0:di=01;34:ln=01;36:mh=00:pi=40;33:so=01;35:do=01;35:bd=40;33;01:cd=40;33;01:or=40;31;01:mi=00:su=37;41:sg=30;43:ca=30;41:tw=30;42:ow=34;42:st=37;44:ex=01;32:*.tar=01;31:*.tgz=01;31:*.arc=01;31:*.arj=01;31:*.taz=01;31:*.lha=01;31:*.lz4=01;31:*.lzh=01;31:*.lzma=01;31:*.tlz=01;31:*.txz=01;31:*.tzo=01;31:*.t7z=01;31:*.zip=01;31:*.z=01;31:*.Z=01;31:*.dz=01;31:*.gz=01;31:*.lrz=01;31:*.lz=01;31:*.lzo=01;31:*.xz=01;31:*.bz2=01;31:*.bz=01;31:*.tbz=01;31:*.tbz2=01;31:*.tz=01;31:*.deb=01;31:*.rpm=01;31:*.jar=01;31:*.war=01;31:*.ear=01;31:*.sar=01;31:*.rar=01;31:*.alz=01;31:*.ace=01;31:*.zoo=01;31:*.cpio=01;31:*.7z=01;31:*.rz=01;31:*.cab=01;31:*.jpg=01;35:*.jpeg=01;35:*.gif=01;35:*.bmp=01;35:*.pbm=01;35:*.pgm=01;35:*.ppm=01;35:*.tga=01;35:*.xbm=01;35:*.xpm=01;35:*.tif=01;35:*.tiff=01;35:*.png=01;35:*.svg=01;35:*.svgz=01;35:*.mng=01;35:*.pcx=01;35:*.mov=01;35:*.mpg=01;35:*.mpeg=01;35:*.m2v=01;35:*.mkv=01;35:*.webm=01;35:*.ogm=01;35:*.mp4=01;35:*.m4v=01;35:*.mp4v=01;35:*.vob=01;35:*.qt=01;35:*.nuv=01;35:*.wmv=01;35:*.asf=01;35:*.rm=01;35:*.rmvb=01;35:*.flc=01;35:*.avi=01;35:*.fli=01;35:*.flv=01;35:*.gl=01;35:*.dl=01;35:*.xcf=01;35:*.xwd=01;35:*.yuv=01;35:*.cgm=01;35:*.emf=01;35:*.ogv=01;35:*.ogx=01;35:*.aac=00;36:*.au=00;36:*.flac=00;36:*.m4a=00;36:*.mid=00;36:*.midi=00;36:*.mka=00;36:*.mp3=00;36:*.mpc=00;36:*.ogg=00;36:*.ra=00;36:*.wav=00;36:*.oga=00;36:*.opus=00;36:*.spx=00;36:*.xspf=00;36:" />
    <property name="env.XDG_VTNR" value="7" />
    <property name="env.XDG_GREETER_DATA_DIR" value="/var/lib/lightdm-data/shan" />
    <property name="java.endorsed.dirs" value="/usr/lib/jvm/java-8-openjdk-amd64/jre/lib/endorsed" />
    <property name="env.LOGNAME" value="shan" />
    <property name="debuglevel" value="source,lines,vars" />
    <property name="env.HUDSON_HOME" value="/home/shan/.jenkins" />
    <property name="env.XDG_SEAT" value="seat0" />
    <property name="sun.os.patch.level" value="unknown" />
    <property name="java.vendor.url" value="http://java.oracle.com/" />
    <property name="env.XDG_SEAT_PATH" value="/org/freedesktop/DisplayManager/Seat0" />
    <property name="env.MANDATORY_PATH" value="/usr/share/gconf/ubuntu.mandatory.path" />
    <property name="env.NODE_NAME" value="master" />
    <property name="java.version" value="1.8.0_151" />
    <property name="env.ANDROID_HOME" value="/home/shan/Android/sdk" />
    <property name="env.NODE_LABELS" value="master" />
    <property name="env.JENKINS_SERVER_COOKIE" value="f18d5cc4354afe32" />
    <property name="java.vendor.url.bug" value="http://bugreport.sun.com/bugreport/" />
    <property name="env.LANGUAGE" value="en_US" />
    <property name="ant.project.invoked-targets" value="AllTesting" />
    <property name="env.XDG_DATA_DIRS" value="/usr/share/ubuntu:/usr/share/gnome:/usr/local/share:/usr/share:/var/lib/snapd/desktop:/var/lib/snapd/desktop" />
    <property name="env.UPSTART_SESSION" value="unix:abstract=/com/ubuntu/upstart-session/1000/1647" />
    <property name="user.name" value="shan" />
    <property name="env.LANG" value="en_US.UTF-8" />
    <property name="sun.io.unicode.encoding" value="UnicodeLittle" />
    <property name="sun.jnu.encoding" value="UTF-8" />
    <property name="env.DBUS_SESSION_BUS_ADDRESS" value="unix:abstract=/tmp/dbus-y2aYyH7qNf" />
    <property name="java.runtime.name" value="OpenJDK Runtime Environment" />
    <property name="java.specification.name" value="Java Platform API Specification" />
    <property name="user.timezone" value="" />
    <property name="env.LESSOPEN" value="| /usr/bin/lesspipe %s" />
    <property name="path.separator" value=":" />
    <property name="env.XMODIFIERS" value="@im=ibus" />
    <property name="file.encoding" value="UTF-8" />
    <property name="ant.project.default-target" value="build" />
    <property name="env.HOME" value="/home/shan" />
    <property name="sun.java.command" value="org.apache.tools.ant.taskdefs.optional.junit.JUnitTestRunner com.app.Accounts.Testing.AllTests skipNonTests=false filtertrace=true haltOnError=false haltOnFailure=false formatter=org.apache.tools.ant.taskdefs.optional.junit.OutErrSummaryJUnitResultFormatter showoutput=false outputtoformatters=true logfailedtests=true threadid=0 logtestlistenerevents=false formatter=org.apache.tools.ant.taskdefs.optional.junit.XMLJUnitResultFormatter,/home/shan/eclipse-workspace/SimpleAccount/junit/TEST-com.app.Accounts.Testing.AllTests.xml crashfile=/home/shan/eclipse-workspace/SimpleAccount/junitvmwatcher1385304475598395866.properties propsfile=/home/shan/eclipse-workspace/SimpleAccount/junit6034024841720741620.properties" />
    <property name="env.RUN_DISPLAY_URL" value="http://localhost:8080/job/i141613_Testing/17/display/redirect" />
    <property name="ant.file" value="/home/shan/eclipse-workspace/SimpleAccount/build.xml" />
    <property name="env.BUILD_TAG" value="jenkins-i141613_Testing-17" />
    <property name="env._" value="/usr/bin/java" />
    <property name="env.GTK2_MODULES" value="overlay-scrollbar" />
    <property name="java.io.tmpdir" value="/tmp" />
    <property name="user.language" value="en" />
    <property name="ant.file.SimpleAccount" value="/home/shan/eclipse-workspace/SimpleAccount/build.xml" />
    <property name="env.UPSTART_EVENTS" value="started starting" />
    <property name="line.separator" value="&#xa;" />
    <property name="target" value="1.8" />
    <property name="ant.file.type" value="file" />
    <property name="env.CLUTTER_IM_MODULE" value="xim" />
    <property name="env.JOB_NAME" value="i141613_Testing" />
    <property name="java.vm.info" value="mixed mode" />
    <property name="source" value="1.8" />
    <property name="env.BUILD_DISPLAY_NAME" value="#17" />
    <property name="sun.desktop" value="gnome" />
    <property name="java.vm.specification.name" value="Java Virtual Machine Specification" />
    <property name="env.JOB_DISPLAY_URL" value="http://localhost:8080/job/i141613_Testing/display/redirect" />
    <property name="env.BUILD_URL" value="http://localhost:8080/job/i141613_Testing/17/" />
    <property name="env.IM_CONFIG_PHASE" value="1" />
    <property name="env.GDMSESSION" value="ubuntu" />
    <property name="env.QT_ACCESSIBILITY" value="1" />
    <property name="env.XDG_SESSION_DESKTOP" value="ubuntu" />
    <property name="java.awt.printerjob" value="sun.print.PSPrinterJob" />
    <property name="env.VTE_VERSION" value="4205" />
    <property name="env.DEFAULTS_PATH" value="/usr/share/gconf/ubuntu.default.path" />
    <property name="env.HUDSON_SERVER_COOKIE" value="f18d5cc4354afe32" />
    <property name="ant.version" value="Apache Ant(TM) version 1.9.6 compiled on July 8 2015" />
    <property name="env.XDG_SESSION_TYPE" value="x11" />
    <property name="env.WINDOWID" value="56623114" />
    <property name="env.COMPIZ_CONFIG_PROFILE" value="ubuntu" />
    <property name="env.XDG_SESSION_PATH" value="/org/freedesktop/DisplayManager/Session0" />
    <property name="env.ADB_HOME" value="/home/shan/Android/sdk/platform-tools" />
    <property name="env.JOB" value="gnome-session" />
    <property name="env.BUILD_NUMBER" value="17" />
    <property name="os.name" value="Linux" />
    <property name="java.specification.vendor" value="Oracle Corporation" />
    <property name="env.TERM" value="xterm-256color" />
    <property name="java.vm.name" value="OpenJDK 64-Bit Server VM" />
    <property name="env.JOB_URL" value="http://localhost:8080/job/i141613_Testing/" />
    <property name="env.QT_IM_MODULE" value="ibus" />
    <property name="java.library.path" value="/usr/java/packages/lib/amd64:/usr/lib/x86_64-linux-gnu/jni:/lib/x86_64-linux-gnu:/usr/lib/x86_64-linux-gnu:/usr/lib/jni:/lib:/usr/lib" />
    <property name="env.PATH" value="/home/shan/bin:/home/shan/.local/bin:/usr/local/sbin:/usr/local/bin:/usr/sbin:/usr/bin:/sbin:/bin:/usr/games:/usr/local/games:/snap/bin:/home/shan/Android/sdk:/home/shan/Android/sdk/platform-tools:/home/shan/Android/sdk:/home/shan/Android/sdk/platform-tools" />
    <property name="env.HUDSON_URL" value="http://localhost:8080/" />
    <property name="env.LESSCLOSE" value="/usr/bin/lesspipe %s %s" />
    <property name="ant.java.version" value="1.8" />
    <property name="env.JENKINS_URL" value="http://localhost:8080/" />
    <property name="basedir" value="/home/shan/eclipse-workspace/SimpleAccount" />
    <property name="java.class.version" value="52.0" />
    <property name="env.SHLVL" value="1" />
    <property name="ant.home" value="/usr/share/ant" />
    <property name="env.GIT_COMMIT" value="9d8544e2999fc4ce2b72aedf6b356e0efd4092fb" />
    <property name="env.JENKINS_HOME" value="/home/shan/.jenkins" />
    <property name="env.UPSTART_JOB" value="unity-settings-daemon" />
    <property name="env.RUN_CHANGES_DISPLAY_URL" value="http://localhost:8080/job/i141613_Testing/17/display/redirect?page=changes" />
    <property name="sun.boot.library.path" value="/usr/lib/jvm/java-8-openjdk-amd64/jre/lib/amd64" />
    <property name="sun.management.compiler" value="HotSpot 64-Bit Tiered Compilers" />
    <property name="java.awt.graphicsenv" value="sun.awt.X11GraphicsEnvironment" />
    <property name="env.USER" value="shan" />
    <property name="env.GTK_IM_MODULE" value="ibus" />
    <property name="env.GTK_MODULES" value="gail:atk-bridge:unity-gtk-module" />
    <property name="ant.project.name" value="SimpleAccount" />
    <property name="env.SESSIONTYPE" value="gnome-session" />
    <property name="java.vm.specification.version" value="1.8" />
    <property name="awt.toolkit" value="sun.awt.X11.XToolkit" />
    <property name="sun.cpu.isalist" value="" />
    <property name="java.ext.dirs" value="/usr/lib/jvm/java-8-openjdk-amd64/jre/lib/ext:/usr/java/packages/lib/ext" />
    <property name="os.version" value="4.13.0-37-generic" />
    <property name="env.QT_QPA_PLATFORMTHEME" value="appmenu-qt5" />
    <property name="user.home" value="/home/shan" />
    <property name="env.XDG_CURRENT_DESKTOP" value="Unity" />
    <property name="java.vm.vendor" value="Oracle Corporation" />
    <property name="env.XDG_SESSION_ID" value="c2" />
    <property name="junit.output.dir" value="junit" />
    <property name="env.XAUTHORITY" value="/home/shan/.Xauthority" />
    <property name="user.dir" value="/home/shan/eclipse-workspace/SimpleAccount" />
    <property name="env.PWD" value="/home/shan/eclipse-workspace/SimpleAccount" />
    <property name="sun.cpu.endian" value="little" />
    <property name="env.GIT_PREVIOUS_COMMIT" value="9d8544e2999fc4ce2b72aedf6b356e0efd4092fb" />
    <property name="java.vm.version" value="25.151-b12" />
    <property name="java.class.path" value="/home/shan/eclipse-workspace/SimpleAccount/bin:/home/shan/.p2/pool/plugins/org.junit_4.12.0.v201504281640/junit.jar:/home/shan/.p2/pool/plugins/org.hamcrest.core_1.3.0.v201303031735.jar:/usr/share/ant/lib/junit.jar:/usr/share/java/ant-launcher-1.9.6.jar:/usr/share/ant/lib/ant.jar:/usr/share/ant/lib/ant-junit.jar:/usr/share/ant/lib/ant-junit4.jar" />
    <property name="ant.library.dir" value="/usr/share/ant/lib" />
    <property name="os.arch" value="amd64" />
    <property name="sun.java.launcher" value="SUN_STANDARD" />
    <property name="env.BUILD_ID" value="17" />
    <property name="ant.core.lib" value="/usr/share/ant/lib/ant.jar" />
    <property name="java.vm.specification.vendor" value="Oracle Corporation" />
    <property name="file.separator" value="/" />
    <property name="env.GIT_BRANCH" value="origin/master" />
    <property name="java.runtime.version" value="1.8.0_151-8u151-b12-0ubuntu0.16.04.2-b12" />
    <property name="env.SSH_AUTH_SOCK" value="/run/user/1000/keyring/ssh" />
    <property name="sun.boot.class.path" value="/usr/lib/jvm/java-8-openjdk-amd64/jre/lib/resources.jar:/usr/lib/jvm/java-8-openjdk-amd64/jre/lib/rt.jar:/usr/lib/jvm/java-8-openjdk-amd64/jre/lib/sunrsasign.jar:/usr/lib/jvm/java-8-openjdk-amd64/jre/lib/jsse.jar:/usr/lib/jvm/java-8-openjdk-amd64/jre/lib/jce.jar:/usr/lib/jvm/java-8-openjdk-amd64/jre/lib/charsets.jar:/usr/lib/jvm/java-8-openjdk-amd64/jre/lib/jfr.jar:/usr/lib/jvm/java-8-openjdk-amd64/jre/classes" />
    <property name="ant.file.type.SimpleAccount" value="file" />
    <property name="env.QT4_IM_MODULE" value="xim" />
    <property name="env.XDG_CONFIG_DIRS" value="/etc/xdg/xdg-ubuntu:/usr/share/upstart/xdg:/etc/xdg" />
    <property name="env.XDG_RUNTIME_DIR" value="/run/user/1000" />
    <property name="env.WORKSPACE" value="/home/shan/eclipse-workspace/SimpleAccount" />
    <property name="env.GIT_PREVIOUS_SUCCESSFUL_COMMIT" value="9d8544e2999fc4ce2b72aedf6b356e0efd4092fb" />
    <property name="user.country" value="US" />
    <property name="env.EXECUTOR_NUMBER" value="1" />
    <property name="env.SHELL" value="/bin/bash" />
    <property name="env.INSTANCE" value="Unity" />
    <property name="env.JOB_BASE_NAME" value="i141613_Testing" />
    <property name="java.vendor" value="Oracle Corporation" />
    <property name="env.GPG_AGENT_INFO" value="/home/shan/.gnupg/S.gpg-agent:0:1" />
    <property name="env.HUDSON_COOKIE" value="b2c430bb-ce26-47d1-9f00-db281a7a571f" />
    <property name="java.specification.version" value="1.8" />
    <property name="sun.arch.data.model" value="64" />
    <property name="env.GNOME_DESKTOP_SESSION_ID" value="this-is-deprecated" />
  </properties>
  <testcase classname="com.app.Accounts.Testing.AccountTesting" name="setterTestCase" time="0.002" />
  <testcase classname="com.app.Accounts.Testing.AccountTesting" name="accountInfoTestCase" time="0.0" />
  <testcase classname="com.app.Accounts.Testing.AccountTesting" name="setterTestCase2" time="0.0" />
  <testcase classname="com.app.Accounts.Testing.AccountTesting" name="depositeTestCase2" time="0.001" />
  <testcase classname="com.app.Accounts.Testing.AccountTesting" name="depositeTestCase3" time="0.0" />
  <testcase classname="com.app.Accounts.Testing.AccountTesting" name="getterTestCase" time="0.0" />
  <testcase classname="com.app.Accounts.Testing.AccountTesting" name="accountInfoTestCase2" time="0.0" />
  <testcase classname="com.app.Accounts.Testing.AccountTesting" name="withdrawTestCase2" time="0.0" />
  <testcase classname="com.app.Accounts.Testing.AccountTesting" name="withdrawTestCase3" time="0.001" />
  <testcase classname="com.app.Accounts.Testing.AccountTesting" name="withdrawTestCase4" time="0.001" />
  <testcase classname="com.app.Accounts.Testing.AccountTesting" name="depositeTestCase" time="0.0" />
  <testcase classname="com.app.Accounts.Testing.AccountTesting" name="withdrawTestCase" time="0.0" />
  <testcase classname="com.app.Accounts.Testing.BasicAccountTesting" name="withdrawTestCase2" time="0.001" />
  <testcase classname="com.app.Accounts.Testing.BasicAccountTesting" name="withdrawTestCase3" time="0.0" />
  <testcase classname="com.app.Accounts.Testing.BasicAccountTesting" name="withdrawTestCase" time="0.0" />
  <testcase classname="com.app.Accounts.Testing.CurrentAccountTesting" name="withdrawTestCase2" time="0.001" />
  <testcase classname="com.app.Accounts.Testing.CurrentAccountTesting" name="withdrawTestCase3" time="0.0" />
  <testcase classname="com.app.Accounts.Testing.CurrentAccountTesting" name="withdrawTestCase" time="0.001" />
  <testcase classname="com.app.Accounts.Testing.SavingAccountTesting" name="withdrawTestCase2" time="0.002" />
  <testcase classname="com.app.Accounts.Testing.SavingAccountTesting" name="withdrawTestCase3" time="0.001" />
  <testcase classname="com.app.Accounts.Testing.SavingAccountTesting" name="withdrawTestCase" time="0.0" />
  <system-out><![CDATA[Test Passed
Test Passed
Test Passed
Test Passed
Test Passed
Test Passed
Test Passed
Test Passed
Test Passed
Test Passed
Test Passed
Test Passed
Test Passed
Test Passed
Test Passed
Test Passed
Test Passed
Test Passed
Test Passed
Test Passed
Test Passed
]]></system-out>
  <system-err><![CDATA[]]></system-err>
</testsuite>
